<?xml version="1.0"?>
<note xmlns="http://kasource.org/validation/test/schema/note">
	<to>Tove</to>
	<from>Jani</from>
	<heading>Reminder</heading>
	Don't forget me this weekend!</body>
</note>